<?xml version="1.0" encoding="UTF-8"?>
<!-- Generated by org.testng.reporters.JUnitXMLReporter -->
<testsuite ignored="0" hostname="AEA-DL-062" failures="0" tests="4" name="Default test" time="10.444" errors="0" timestamp="2025-11-29T23:58:10 IST">
  <testcase classname="testcases.LoginTest" name="invalidLoginTest" time="0.472"/>
  <testcase classname="testcases.LoginTest" name="validLoginTest" time="0.472"/>
  <testcase classname="testcases.LoginTest" name="validatePasswordEditable" time="0.027"/>
  <testcase classname="testcases.LoginTest" name="validateUsernameEditable" time="0.027"/>
</testsuite> <!-- Default test -->
