<?xml version="1.0" encoding="UTF-8"?>
<!-- Generated by org.testng.reporters.JUnitReportReporter -->
<testsuite hostname="AEA-DL-062" failures="0" tests="4" name="testcases.LoginTest" time="10.397" errors="0" timestamp="2025-11-29T23:58:10 IST" skipped="0">
  <testcase classname="testcases.LoginTest" name="validatePasswordEditable" time="2.198"/>
  <system-out/>
  <testcase classname="testcases.LoginTest" name="validateUsernameEditable" time="2.193"/>
  <system-out/>
  <testcase classname="testcases.LoginTest" name="validLoginTest" time="2.623"/>
  <system-out/>
  <testcase classname="testcases.LoginTest" name="invalidLoginTest" time="3.383"/>
  <system-out/>
</testsuite> <!-- testcases.LoginTest -->
